noisefit_nav_plus/build/intermediates/manifest_merge_blame_file/debug/manifest-merger-blame-debug-report.txt
1<?xml version="1.0" encoding="utf-8"?>
2<manifest xmlns:android="http://schemas.android.com/apk/res/android"
3    package="com.noisefit_nav_plus" >
4
5    <uses-sdk android:minSdkVersion="23" />
5-->src/main/AndroidManifest.xml
6
7    <uses-permission android:name="android.permission.ACCESS_COARSE_LOCATION" />
7-->src/main/AndroidManifest.xml:5:5-81
7-->src/main/AndroidManifest.xml:5:22-78
8    <uses-permission android:name="android.permission.BLUETOOTH" />
8-->src/main/AndroidManifest.xml:6:5-68
8-->src/main/AndroidManifest.xml:6:22-65
9    <uses-permission android:name="android.permission.BLUETOOTH_ADMIN" />
9-->src/main/AndroidManifest.xml:7:5-74
9-->src/main/AndroidManifest.xml:7:22-71
10
11    <application>
11-->src/main/AndroidManifest.xml:9:5-12:19
12        <service android:name="com.zjw.zhbraceletsdk.service.ZhBraceletService" />
12-->src/main/AndroidManifest.xml:10:9-83
12-->src/main/AndroidManifest.xml:10:18-80
13    </application>
14
15</manifest>